#
# A fatal error has been detected by the Java Runtime Environment:
#
#  Internal Error (javaClasses.cpp:129), pid=6336, tid=6140
#  fatal error: Invalid layout of preloaded class
#
# JRE version: 7.0_25-b17
# Java VM: Java HotSpot(TM) 64-Bit Server VM (23.25-b01 mixed mode windows-amd64 compressed oops)
# Failed to write core dump. Minidumps are not enabled by default on client versions of Windows
#
# If you would like to submit a bug report, please visit:
#   http://bugreport.sun.com/bugreport/crash.jsp
#

---------------  T H R E A D  ---------------

Current thread (0x000000000213c800):  JavaThread "Unknown thread" [_thread_in_vm, id=6140, stack(0x00000000024f0000,0x00000000025f0000)]

Stack: [0x00000000024f0000,0x00000000025f0000]

---------------  P R O C E S S  ---------------

Java Threads: ( => current thread )

Other Threads:

=>0x000000000213c800 (exited) JavaThread "Unknown thread" [_thread_in_vm, id=6140, stack(0x00000000024f0000,0x00000000025f0000)]

VM state:not at safepoint (not fully initialized)

VM Mutex/Monitor currently owned by a thread: None

GC Heap History (0 events):
No events

Deoptimization events (0 events):
No events

Internal exceptions (0 events):
No events

Events (10 events):
Event: 0.013 loading class 0x00000000021c3ac0 done
Event: 0.013 loading class 0x0000000002182110 done
Event: 0.013 loading class 0x00000000021820e0
Event: 0.013 loading class 0x00000000021d1c90
Event: 0.013 loading class 0x00000000021d1c90 done
Event: 0.013 loading class 0x00000000021d1cd0
Event: 0.013 loading class 0x00000000021d1cd0 done
Event: 0.013 loading class 0x0000000008c6e120
Event: 0.013 loading class 0x0000000008c6e120 done
Event: 0.013 loading class 0x00000000021820e0 done


Dynamic libraries:
0x000000013f6e0000 - 0x000000013f713000 	C:\Program Files\Java\jre7\bin\javaw.exe
0x0000000076f90000 - 0x0000000077139000 	C:\Windows\SYSTEM32\ntdll.dll
0x0000000076e70000 - 0x0000000076f8f000 	C:\Windows\system32\kernel32.dll
0x000007fefc270000 - 0x000007fefc2db000 	C:\Windows\system32\KERNELBASE.dll
0x000007fefc800000 - 0x000007fefc8db000 	C:\Windows\system32\ADVAPI32.dll
0x000007fefcc90000 - 0x000007fefcd2f000 	C:\Windows\system32\msvcrt.dll
0x000007fefd4b0000 - 0x000007fefd4cf000 	C:\Windows\SYSTEM32\sechost.dll
0x000007fefd4d0000 - 0x000007fefd5fd000 	C:\Windows\system32\RPCRT4.dll
0x0000000076d70000 - 0x0000000076e6a000 	C:\Windows\system32\USER32.dll
0x000007fefcc00000 - 0x000007fefcc67000 	C:\Windows\system32\GDI32.dll
0x000007fefd030000 - 0x000007fefd03e000 	C:\Windows\system32\LPK.dll
0x000007fefc940000 - 0x000007fefca09000 	C:\Windows\system32\USP10.dll
0x000007fefaad0000 - 0x000007fefacc4000 	C:\Windows\WinSxS\amd64_microsoft.windows.common-controls_6595b64144ccf1df_6.0.7601.17514_none_fa396087175ac9ac\COMCTL32.dll
0x000007fefc4d0000 - 0x000007fefc541000 	C:\Windows\system32\SHLWAPI.dll
0x000007fefe4f0000 - 0x000007fefe51e000 	C:\Windows\system32\IMM32.DLL
0x000007fefd040000 - 0x000007fefd149000 	C:\Windows\system32\MSCTF.dll
0x0000000057230000 - 0x0000000057301000 	C:\Program Files\Java\jre7\bin\msvcr100.dll
0x0000000054620000 - 0x0000000054d2f000 	C:\Program Files\Java\jre7\bin\server\jvm.dll
0x000007fee1180000 - 0x000007fee1189000 	C:\Windows\system32\WSOCK32.dll
0x000007fefcdd0000 - 0x000007fefce1d000 	C:\Windows\system32\WS2_32.dll
0x000007fefcbf0000 - 0x000007fefcbf8000 	C:\Windows\system32\NSI.dll
0x000007fef8a90000 - 0x000007fef8acb000 	C:\Windows\system32\WINMM.dll
0x0000000077150000 - 0x0000000077157000 	C:\Windows\system32\PSAPI.DLL
0x0000000059b30000 - 0x0000000059b3f000 	C:\Program Files\Java\jre7\bin\verify.dll
0x0000000059a60000 - 0x0000000059a88000 	C:\Program Files\Java\jre7\bin\java.dll
0x0000000059a30000 - 0x0000000059a45000 	C:\Program Files\Java\jre7\bin\zip.dll

VM Arguments:
jvm_args: -Dfile.encoding=Cp1252 -Xbootclasspath:C:\Users\Tiffano\android-sdks\platforms\android-19\android.jar 
java_command: com.example.swimdroid.Coda
Launcher Type: SUN_STANDARD

Environment Variables:
CLASSPATH=.;C:\Program Files (x86)\Java\jre6\lib\ext\QTJava.zip
PATH=C:\Program Files (x86)\NVIDIA Corporation\PhysX\Common;C:\Program Files (x86)\OSSBuild\GStreamer\v0.10.7\bin;C:\Program Files\Common Files\Microsoft Shared\Windows Live;C:\Program Files (x86)\Common Files\Microsoft Shared\Windows Live;C:\Program Files (x86)\PC Connectivity Solution\;C:\Windows\system32;C:\Windows;C:\Windows\System32\Wbem;C:\Windows\System32\WindowsPowerShell\v1.0\;C:\Program Files (x86)\QuickTime\QTSystem\;C:\Program Files (x86)\ATI Technologies\ATI.ACE\Core-Static;C:\Program Files\TortoiseSVN\bin;C:\Program Files (x86)\Windows Live\Shared;C:\Program Files (x86)\Calibre2\
USERNAME=Tiffano
OS=Windows_NT
PROCESSOR_IDENTIFIER=Intel64 Family 6 Model 15 Stepping 11, GenuineIntel



---------------  S Y S T E M  ---------------

OS: Windows 7 , 64 bit Build 7601 Service Pack 1

CPU:total 4 (4 cores per cpu, 1 threads per core) family 6 model 15 stepping 11, cmov, cx8, fxsr, mmx, sse, sse2, sse3, ssse3, tsc

Memory: 4k page, physical 4193400k(1180096k free), swap 8384936k(3251788k free)

vm_info: Java HotSpot(TM) 64-Bit Server VM (23.25-b01) for windows-amd64 JRE (1.7.0_25-b17), built on Jun 21 2013 12:58:32 by "java_re" with unknown MS VC++:1600

time: Sun Jan 19 18:36:42 2014
elapsed time: 0 seconds

